Performing C SOURCE FILE Test CMAKE_HAVE_LIBC_PTHREAD failed with the following output:
Change Dir: /home/salabeta/robocomp/components/practica3-robotica/gotoxy/CMakeFiles/CMakeTmp

Run Build Command(s):/usr/bin/make cmTC_906f7/fast && /usr/bin/make -f CMakeFiles/cmTC_906f7.dir/build.make CMakeFiles/cmTC_906f7.dir/build
make[1]: se entra en el directorio '/home/salabeta/robocomp/components/practica3-robotica/gotoxy/CMakeFiles/CMakeTmp'
Building C object CMakeFiles/cmTC_906f7.dir/src.c.o
/usr/bin/cc   -DCMAKE_HAVE_LIBC_PTHREAD   -o CMakeFiles/cmTC_906f7.dir/src.c.o   -c /home/salabeta/robocomp/components/practica3-robotica/gotoxy/CMakeFiles/CMakeTmp/src.c
Linking C executable cmTC_906f7
/usr/bin/cmake -E cmake_link_script CMakeFiles/cmTC_906f7.dir/link.txt --verbose=1
/usr/bin/cc  -DCMAKE_HAVE_LIBC_PTHREAD    -rdynamic CMakeFiles/cmTC_906f7.dir/src.c.o  -o cmTC_906f7 
/usr/bin/ld: CMakeFiles/cmTC_906f7.dir/src.c.o: en la funci贸n `main':
src.c:(.text+0x46): referencia a `pthread_create' sin definir
/usr/bin/ld: src.c:(.text+0x52): referencia a `pthread_detach' sin definir
/usr/bin/ld: src.c:(.text+0x63): referencia a `pthread_join' sin definir
collect2: error: ld returned 1 exit status
make[1]: *** [CMakeFiles/cmTC_906f7.dir/build.make:87: cmTC_906f7] Error 1
make[1]: se sale del directorio '/home/salabeta/robocomp/components/practica3-robotica/gotoxy/CMakeFiles/CMakeTmp'
make: *** [Makefile:121: cmTC_906f7/fast] Error 2


Source file was:
#include <pthread.h>

void* test_func(void* data)
{
  return data;
}

int main(void)
{
  pthread_t thread;
  pthread_create(&thread, NULL, test_func, NULL);
  pthread_detach(thread);
  pthread_join(thread, NULL);
  pthread_atfork(NULL, NULL, NULL);
  pthread_exit(NULL);

  return 0;
}

Determining if the function pthread_create exists in the pthreads failed with the following output:
Change Dir: /home/salabeta/robocomp/components/practica3-robotica/gotoxy/CMakeFiles/CMakeTmp

Run Build Command(s):/usr/bin/make cmTC_75790/fast && /usr/bin/make -f CMakeFiles/cmTC_75790.dir/build.make CMakeFiles/cmTC_75790.dir/build
make[1]: se entra en el directorio '/home/salabeta/robocomp/components/practica3-robotica/gotoxy/CMakeFiles/CMakeTmp'
Building C object CMakeFiles/cmTC_75790.dir/CheckFunctionExists.c.o
/usr/bin/cc   -DCHECK_FUNCTION_EXISTS=pthread_create   -o CMakeFiles/cmTC_75790.dir/CheckFunctionExists.c.o   -c /usr/share/cmake-3.16/Modules/CheckFunctionExists.c
Linking C executable cmTC_75790
/usr/bin/cmake -E cmake_link_script CMakeFiles/cmTC_75790.dir/link.txt --verbose=1
/usr/bin/cc  -DCHECK_FUNCTION_EXISTS=pthread_create    -rdynamic CMakeFiles/cmTC_75790.dir/CheckFunctionExists.c.o  -o cmTC_75790  -lpthreads 
/usr/bin/ld: no se puede encontrar -lpthreads
collect2: error: ld returned 1 exit status
make[1]: *** [CMakeFiles/cmTC_75790.dir/build.make:87: cmTC_75790] Error 1
make[1]: se sale del directorio '/home/salabeta/robocomp/components/practica3-robotica/gotoxy/CMakeFiles/CMakeTmp'
make: *** [Makefile:121: cmTC_75790/fast] Error 2



Performing C SOURCE FILE Test CMAKE_HAVE_LIBC_PTHREAD failed with the following output:
Change Dir: /home/ticoy/practica3-robotica/gotoxy/CMakeFiles/CMakeTmp

Run Build Command(s):/usr/bin/make cmTC_2500f/fast && /usr/bin/make -f CMakeFiles/cmTC_2500f.dir/build.make CMakeFiles/cmTC_2500f.dir/build
make[1]: se entra en el directorio '/home/ticoy/practica3-robotica/gotoxy/CMakeFiles/CMakeTmp'
Building C object CMakeFiles/cmTC_2500f.dir/src.c.o
/usr/bin/cc   -DCMAKE_HAVE_LIBC_PTHREAD   -o CMakeFiles/cmTC_2500f.dir/src.c.o   -c /home/ticoy/practica3-robotica/gotoxy/CMakeFiles/CMakeTmp/src.c
Linking C executable cmTC_2500f
/usr/bin/cmake -E cmake_link_script CMakeFiles/cmTC_2500f.dir/link.txt --verbose=1
/usr/bin/cc  -DCMAKE_HAVE_LIBC_PTHREAD    -rdynamic CMakeFiles/cmTC_2500f.dir/src.c.o  -o cmTC_2500f 
/usr/bin/ld: CMakeFiles/cmTC_2500f.dir/src.c.o: en la funci贸n `main':
src.c:(.text+0x46): referencia a `pthread_create' sin definir
/usr/bin/ld: src.c:(.text+0x52): referencia a `pthread_detach' sin definir
/usr/bin/ld: src.c:(.text+0x63): referencia a `pthread_join' sin definir
collect2: error: ld returned 1 exit status
make[1]: *** [CMakeFiles/cmTC_2500f.dir/build.make:87: cmTC_2500f] Error 1
make[1]: se sale del directorio '/home/ticoy/practica3-robotica/gotoxy/CMakeFiles/CMakeTmp'
make: *** [Makefile:121: cmTC_2500f/fast] Error 2


Source file was:
#include <pthread.h>

void* test_func(void* data)
{
  return data;
}

int main(void)
{
  pthread_t thread;
  pthread_create(&thread, NULL, test_func, NULL);
  pthread_detach(thread);
  pthread_join(thread, NULL);
  pthread_atfork(NULL, NULL, NULL);
  pthread_exit(NULL);

  return 0;
}

Determining if the function pthread_create exists in the pthreads failed with the following output:
Change Dir: /home/ticoy/practica3-robotica/gotoxy/CMakeFiles/CMakeTmp

Run Build Command(s):/usr/bin/make cmTC_74450/fast && /usr/bin/make -f CMakeFiles/cmTC_74450.dir/build.make CMakeFiles/cmTC_74450.dir/build
make[1]: se entra en el directorio '/home/ticoy/practica3-robotica/gotoxy/CMakeFiles/CMakeTmp'
Building C object CMakeFiles/cmTC_74450.dir/CheckFunctionExists.c.o
/usr/bin/cc   -DCHECK_FUNCTION_EXISTS=pthread_create   -o CMakeFiles/cmTC_74450.dir/CheckFunctionExists.c.o   -c /usr/share/cmake-3.16/Modules/CheckFunctionExists.c
Linking C executable cmTC_74450
/usr/bin/cmake -E cmake_link_script CMakeFiles/cmTC_74450.dir/link.txt --verbose=1
/usr/bin/cc  -DCHECK_FUNCTION_EXISTS=pthread_create    -rdynamic CMakeFiles/cmTC_74450.dir/CheckFunctionExists.c.o  -o cmTC_74450  -lpthreads 
/usr/bin/ld: no se puede encontrar -lpthreads
collect2: error: ld returned 1 exit status
make[1]: *** [CMakeFiles/cmTC_74450.dir/build.make:87: cmTC_74450] Error 1
make[1]: se sale del directorio '/home/ticoy/practica3-robotica/gotoxy/CMakeFiles/CMakeTmp'
make: *** [Makefile:121: cmTC_74450/fast] Error 2



Performing C SOURCE FILE Test CMAKE_HAVE_LIBC_PTHREAD failed with the following output:
Change Dir: /home/hulio/Escritorio/practica3-robotica/gotoxy/CMakeFiles/CMakeTmp

Run Build Command(s):/usr/bin/make cmTC_9530e/fast && /usr/bin/make -f CMakeFiles/cmTC_9530e.dir/build.make CMakeFiles/cmTC_9530e.dir/build
make[1]: se entra en el directorio '/home/hulio/Escritorio/practica3-robotica/gotoxy/CMakeFiles/CMakeTmp'
Building C object CMakeFiles/cmTC_9530e.dir/src.c.o
/usr/bin/cc   -DCMAKE_HAVE_LIBC_PTHREAD   -o CMakeFiles/cmTC_9530e.dir/src.c.o   -c /home/hulio/Escritorio/practica3-robotica/gotoxy/CMakeFiles/CMakeTmp/src.c
Linking C executable cmTC_9530e
/usr/bin/cmake -E cmake_link_script CMakeFiles/cmTC_9530e.dir/link.txt --verbose=1
/usr/bin/cc  -DCMAKE_HAVE_LIBC_PTHREAD    -rdynamic CMakeFiles/cmTC_9530e.dir/src.c.o  -o cmTC_9530e 
/usr/bin/ld: CMakeFiles/cmTC_9530e.dir/src.c.o: en la funci贸n `main':
src.c:(.text+0x46): referencia a `pthread_create' sin definir
/usr/bin/ld: src.c:(.text+0x52): referencia a `pthread_detach' sin definir
/usr/bin/ld: src.c:(.text+0x63): referencia a `pthread_join' sin definir
collect2: error: ld returned 1 exit status
make[1]: *** [CMakeFiles/cmTC_9530e.dir/build.make:87: cmTC_9530e] Error 1
make[1]: se sale del directorio '/home/hulio/Escritorio/practica3-robotica/gotoxy/CMakeFiles/CMakeTmp'
make: *** [Makefile:121: cmTC_9530e/fast] Error 2


Source file was:
#include <pthread.h>

void* test_func(void* data)
{
  return data;
}

int main(void)
{
  pthread_t thread;
  pthread_create(&thread, NULL, test_func, NULL);
  pthread_detach(thread);
  pthread_join(thread, NULL);
  pthread_atfork(NULL, NULL, NULL);
  pthread_exit(NULL);

  return 0;
}

Determining if the function pthread_create exists in the pthreads failed with the following output:
Change Dir: /home/hulio/Escritorio/practica3-robotica/gotoxy/CMakeFiles/CMakeTmp

Run Build Command(s):/usr/bin/make cmTC_e0022/fast && /usr/bin/make -f CMakeFiles/cmTC_e0022.dir/build.make CMakeFiles/cmTC_e0022.dir/build
make[1]: se entra en el directorio '/home/hulio/Escritorio/practica3-robotica/gotoxy/CMakeFiles/CMakeTmp'
Building C object CMakeFiles/cmTC_e0022.dir/CheckFunctionExists.c.o
/usr/bin/cc   -DCHECK_FUNCTION_EXISTS=pthread_create   -o CMakeFiles/cmTC_e0022.dir/CheckFunctionExists.c.o   -c /usr/share/cmake-3.16/Modules/CheckFunctionExists.c
Linking C executable cmTC_e0022
/usr/bin/cmake -E cmake_link_script CMakeFiles/cmTC_e0022.dir/link.txt --verbose=1
/usr/bin/cc  -DCHECK_FUNCTION_EXISTS=pthread_create    -rdynamic CMakeFiles/cmTC_e0022.dir/CheckFunctionExists.c.o  -o cmTC_e0022  -lpthreads 
/usr/bin/ld: no se puede encontrar -lpthreads
collect2: error: ld returned 1 exit status
make[1]: *** [CMakeFiles/cmTC_e0022.dir/build.make:87: cmTC_e0022] Error 1
make[1]: se sale del directorio '/home/hulio/Escritorio/practica3-robotica/gotoxy/CMakeFiles/CMakeTmp'
make: *** [Makefile:121: cmTC_e0022/fast] Error 2



Performing C SOURCE FILE Test CMAKE_HAVE_LIBC_PTHREAD failed with the following output:
Change Dir: /home/hulio/Escritorio/practica3-robotica/gotoxy/CMakeFiles/CMakeTmp

Run Build Command(s):/usr/bin/make cmTC_994e6/fast && /usr/bin/make -f CMakeFiles/cmTC_994e6.dir/build.make CMakeFiles/cmTC_994e6.dir/build
make[1]: se entra en el directorio '/home/hulio/Escritorio/practica3-robotica/gotoxy/CMakeFiles/CMakeTmp'
Building C object CMakeFiles/cmTC_994e6.dir/src.c.o
/usr/bin/cc   -DCMAKE_HAVE_LIBC_PTHREAD   -o CMakeFiles/cmTC_994e6.dir/src.c.o   -c /home/hulio/Escritorio/practica3-robotica/gotoxy/CMakeFiles/CMakeTmp/src.c
Linking C executable cmTC_994e6
/usr/bin/cmake -E cmake_link_script CMakeFiles/cmTC_994e6.dir/link.txt --verbose=1
/usr/bin/cc  -DCMAKE_HAVE_LIBC_PTHREAD    -rdynamic CMakeFiles/cmTC_994e6.dir/src.c.o  -o cmTC_994e6 
/usr/bin/ld: CMakeFiles/cmTC_994e6.dir/src.c.o: en la funci贸n `main':
src.c:(.text+0x46): referencia a `pthread_create' sin definir
/usr/bin/ld: src.c:(.text+0x52): referencia a `pthread_detach' sin definir
/usr/bin/ld: src.c:(.text+0x63): referencia a `pthread_join' sin definir
collect2: error: ld returned 1 exit status
make[1]: *** [CMakeFiles/cmTC_994e6.dir/build.make:87: cmTC_994e6] Error 1
make[1]: se sale del directorio '/home/hulio/Escritorio/practica3-robotica/gotoxy/CMakeFiles/CMakeTmp'
make: *** [Makefile:121: cmTC_994e6/fast] Error 2


Source file was:
#include <pthread.h>

void* test_func(void* data)
{
  return data;
}

int main(void)
{
  pthread_t thread;
  pthread_create(&thread, NULL, test_func, NULL);
  pthread_detach(thread);
  pthread_join(thread, NULL);
  pthread_atfork(NULL, NULL, NULL);
  pthread_exit(NULL);

  return 0;
}

Determining if the function pthread_create exists in the pthreads failed with the following output:
Change Dir: /home/hulio/Escritorio/practica3-robotica/gotoxy/CMakeFiles/CMakeTmp

Run Build Command(s):/usr/bin/make cmTC_c83a2/fast && /usr/bin/make -f CMakeFiles/cmTC_c83a2.dir/build.make CMakeFiles/cmTC_c83a2.dir/build
make[1]: se entra en el directorio '/home/hulio/Escritorio/practica3-robotica/gotoxy/CMakeFiles/CMakeTmp'
Building C object CMakeFiles/cmTC_c83a2.dir/CheckFunctionExists.c.o
/usr/bin/cc   -DCHECK_FUNCTION_EXISTS=pthread_create   -o CMakeFiles/cmTC_c83a2.dir/CheckFunctionExists.c.o   -c /usr/share/cmake-3.16/Modules/CheckFunctionExists.c
Linking C executable cmTC_c83a2
/usr/bin/cmake -E cmake_link_script CMakeFiles/cmTC_c83a2.dir/link.txt --verbose=1
/usr/bin/cc  -DCHECK_FUNCTION_EXISTS=pthread_create    -rdynamic CMakeFiles/cmTC_c83a2.dir/CheckFunctionExists.c.o  -o cmTC_c83a2  -lpthreads 
/usr/bin/ld: no se puede encontrar -lpthreads
collect2: error: ld returned 1 exit status
make[1]: *** [CMakeFiles/cmTC_c83a2.dir/build.make:87: cmTC_c83a2] Error 1
make[1]: se sale del directorio '/home/hulio/Escritorio/practica3-robotica/gotoxy/CMakeFiles/CMakeTmp'
make: *** [Makefile:121: cmTC_c83a2/fast] Error 2



